# JRE version: OpenJDK Runtime Environment (11.0.8+10) (build 11.0.8+10-b944.6842174)
# Java VM: OpenJDK 64-Bit Server VM (11.0.8+10-b944.6842174, mixed mode, tiered, compressed oops, g1 gc, windows-amd64)
Heap:
 garbage-first heap   total 312320K, used 187707K [0x0000000080000000, 0x0000000100000000)
  region size 1024K, 3 young (3072K), 3 survivors (3072K)
 Metaspace       used 150224K, capacity 154178K, committed 154320K, reserved 1183744K
  class space    used 19439K, capacity 20845K, committed 20864K, reserved 1048576K
GC Heap History (20 events):
Event: 3877.535 GC heap after
{Heap after GC invocations=67 (full 0):
 garbage-first heap   total 235520K, used 123090K [0x0000000080000000, 0x0000000100000000)
  region size 1024K, 6 young (6144K), 6 survivors (6144K)
 Metaspace       used 139380K, capacity 142679K, committed 142928K, reserved 1173504K
  class space    used 17713K, capacity 18834K, committed 18944K, reserved 1048576K
}
Event: 3877.645 GC heap before
{Heap before GC invocations=67 (full 0):
 garbage-first heap   total 235520K, used 127186K [0x0000000080000000, 0x0000000100000000)
  region size 1024K, 11 young (11264K), 6 survivors (6144K)
 Metaspace       used 139421K, capacity 142686K, committed 142928K, reserved 1173504K
  class space    used 17719K, capacity 18836K, committed 18944K, reserved 1048576K
}
Event: 3877.692 GC heap after
{Heap after GC invocations=68 (full 0):
 garbage-first heap   total 235520K, used 120583K [0x0000000080000000, 0x0000000100000000)
  region size 1024K, 2 young (2048K), 2 survivors (2048K)
 Metaspace       used 139421K, capacity 142686K, committed 142928K, reserved 1173504K
  class space    used 17719K, capacity 18836K, committed 18944K, reserved 1048576K
}
Event: 3879.478 GC heap before
{Heap before GC invocations=68 (full 0):
 garbage-first heap   total 235520K, used 173831K [0x0000000080000000, 0x0000000100000000)
  region size 1024K, 56 young (57344K), 2 survivors (2048K)
 Metaspace       used 140564K, capacity 143881K, committed 144080K, reserved 1175552K
  class space    used 17898K, capacity 19006K, committed 19072K, reserved 1048576K
}
Event: 3879.495 GC heap after
{Heap after GC invocations=69 (full 0):
 garbage-first heap   total 235520K, used 123266K [0x0000000080000000, 0x0000000100000000)
  region size 1024K, 4 young (4096K), 4 survivors (4096K)
 Metaspace       used 140564K, capacity 143881K, committed 144080K, reserved 1175552K
  class space    used 17898K, capacity 19006K, committed 19072K, reserved 1048576K
}
Event: 3882.278 GC heap before
{Heap before GC invocations=70 (full 0):
 garbage-first heap   total 235520K, used 214402K [0x0000000080000000, 0x0000000100000000)
  region size 1024K, 66 young (67584K), 4 survivors (4096K)
 Metaspace       used 144113K, capacity 147660K, committed 147792K, reserved 1177600K
  class space    used 18424K, capacity 19616K, committed 19712K, reserved 1048576K
}
Event: 3882.362 GC heap after
{Heap after GC invocations=71 (full 0):
 garbage-first heap   total 236544K, used 155686K [0x0000000080000000, 0x0000000100000000)
  region size 1024K, 9 young (9216K), 9 survivors (9216K)
 Metaspace       used 144113K, capacity 147660K, committed 147792K, reserved 1177600K
  class space    used 18424K, capacity 19616K, committed 19712K, reserved 1048576K
}
Event: 3882.372 GC heap before
{Heap before GC invocations=71 (full 0):
 garbage-first heap   total 236544K, used 157734K [0x0000000080000000, 0x0000000100000000)
  region size 1024K, 11 young (11264K), 9 survivors (9216K)
 Metaspace       used 144152K, capacity 147724K, committed 148048K, reserved 1177600K
  class space    used 18427K, capacity 19616K, committed 19712K, reserved 1048576K
}
Event: 3882.400 GC heap after
{Heap after GC invocations=72 (full 0):
 garbage-first heap   total 236544K, used 155941K [0x0000000080000000, 0x0000000100000000)
  region size 1024K, 2 young (2048K), 2 survivors (2048K)
 Metaspace       used 144152K, capacity 147724K, committed 148048K, reserved 1177600K
  class space    used 18427K, capacity 19616K, committed 19712K, reserved 1048576K
}
Event: 3882.657 GC heap before
{Heap before GC invocations=72 (full 0):
 garbage-first heap   total 236544K, used 191781K [0x0000000080000000, 0x0000000100000000)
  region size 1024K, 38 young (38912K), 2 survivors (2048K)
 Metaspace       used 145361K, capacity 148952K, committed 149200K, reserved 1179648K
  class space    used 18592K, capacity 19790K, committed 19840K, reserved 1048576K
}
Event: 3882.766 GC heap after
{Heap after GC invocations=73 (full 0):
 garbage-first heap   total 236544K, used 167936K [0x0000000080000000, 0x0000000100000000)
  region size 1024K, 5 young (5120K), 5 survivors (5120K)
 Metaspace       used 145361K, capacity 148952K, committed 149200K, reserved 1179648K
  class space    used 18592K, capacity 19790K, committed 19840K, reserved 1048576K
}
Event: 3883.057 GC heap before
{Heap before GC invocations=73 (full 0):
 garbage-first heap   total 236544K, used 193536K [0x0000000080000000, 0x0000000100000000)
  region size 1024K, 31 young (31744K), 5 survivors (5120K)
 Metaspace       used 146685K, capacity 150454K, committed 150608K, reserved 1179648K
  class space    used 18867K, capacity 20168K, committed 20224K, reserved 1048576K
}
Event: 3883.090 GC heap after
{Heap after GC invocations=74 (full 0):
 garbage-first heap   total 236544K, used 176850K [0x0000000080000000, 0x0000000100000000)
  region size 1024K, 4 young (4096K), 4 survivors (4096K)
 Metaspace       used 146685K, capacity 150454K, committed 150608K, reserved 1179648K
  class space    used 18867K, capacity 20168K, committed 20224K, reserved 1048576K
}
Event: 3883.326 GC heap before
{Heap before GC invocations=74 (full 0):
 garbage-first heap   total 236544K, used 197330K [0x0000000080000000, 0x0000000100000000)
  region size 1024K, 24 young (24576K), 4 survivors (4096K)
 Metaspace       used 148793K, capacity 152679K, committed 152912K, reserved 1181696K
  class space    used 19273K, capacity 20646K, committed 20736K, reserved 1048576K
}
Event: 3883.347 GC heap after
{Heap after GC invocations=75 (full 0):
 garbage-first heap   total 236544K, used 182272K [0x0000000080000000, 0x0000000100000000)
  region size 1024K, 3 young (3072K), 3 survivors (3072K)
 Metaspace       used 148793K, capacity 152679K, committed 152912K, reserved 1181696K
  class space    used 19273K, capacity 20646K, committed 20736K, reserved 1048576K
}
Event: 3883.585 GC heap before
{Heap before GC invocations=75 (full 0):
 garbage-first heap   total 236544K, used 199680K [0x0000000080000000, 0x0000000100000000)
  region size 1024K, 20 young (20480K), 3 survivors (3072K)
 Metaspace       used 149147K, capacity 153091K, committed 153168K, reserved 1181696K
  class space    used 19334K, capacity 20719K, committed 20736K, reserved 1048576K
}
Event: 3883.646 GC heap after
{Heap after GC invocations=76 (full 0):
 garbage-first heap   total 236544K, used 184396K [0x0000000080000000, 0x0000000100000000)
  region size 1024K, 2 young (2048K), 2 survivors (2048K)
 Metaspace       used 149147K, capacity 153091K, committed 153168K, reserved 1181696K
  class space    used 19334K, capacity 20719K, committed 20736K, reserved 1048576K
}
Event: 3883.962 GC heap before
{Heap before GC invocations=76 (full 0):
 garbage-first heap   total 236544K, used 200780K [0x0000000080000000, 0x0000000100000000)
  region size 1024K, 18 young (18432K), 2 survivors (2048K)
 Metaspace       used 149492K, capacity 153394K, committed 153552K, reserved 1181696K
  class space    used 19363K, capacity 20754K, committed 20864K, reserved 1048576K
}
Event: 3883.971 GC heap after
{Heap after GC invocations=77 (full 0):
 garbage-first heap   total 236544K, used 186454K [0x0000000080000000, 0x0000000100000000)
  region size 1024K, 3 young (3072K), 3 survivors (3072K)
 Metaspace       used 149492K, capacity 153394K, committed 153552K, reserved 1181696K
  class space    used 19363K, capacity 20754K, committed 20864K, reserved 1048576K
}
Event: 3884.349 GC heap before
{Heap before GC invocations=77 (full 0):
 garbage-first heap   total 236544K, used 202838K [0x0000000080000000, 0x0000000100000000)
  region size 1024K, 19 young (19456K), 3 survivors (3072K)
 Metaspace       used 150224K, capacity 154178K, committed 154320K, reserved 1183744K
  class space    used 19439K, capacity 20845K, committed 20864K, reserved 1048576K
}

